<?xml version="1.0" encoding="UTF-8"?>
<!-- Generated by org.testng.reporters.JUnitReportReporter -->
<testsuite skipped="0" hostname="DESKTOP-JETEBKU" name="com.test.UsefullinkTest" tests="1" failures="0" timestamp="24 Apr 2022 14:12:46 GMT" time="2.890" errors="0">
  <testcase name="Usefullinktestcase" time="2.890" classname="com.test.UsefullinkTest"/>
</testsuite> <!-- com.test.UsefullinkTest -->
